{"G:\\React_Project_VS\\fluidai\\backend\\src\\config\\config.js": {"path":"G:\\React_Project_VS\\fluidai\\backend\\src\\config\\config.js","statementMap":{"0":{"start":{"line":1,"column":14},"end":{"line":1,"column":31}},"1":{"start":{"line":2,"column":0},"end":{"line":2,"column":15}},"2":{"start":{"line":6,"column":0},"end":{"line":10,"column":1}}},"fnMap":{},"branchMap":{},"s":{"0":1,"1":1,"2":1},"f":{},"b":{},"_coverageSchema":"1a1c01bbd47fc00a2c39e90264f33305004495a9","hash":"dc2494944dfc076431b24330748aa379412cb313"}
,"G:\\React_Project_VS\\fluidai\\backend\\src\\controllers\\authController.js": {"path":"G:\\React_Project_VS\\fluidai\\backend\\src\\controllers\\authController.js","statementMap":{"0":{"start":{"line":1,"column":20},"end":{"line":1,"column":54}},"1":{"start":{"line":8,"column":0},"end":{"line":15,"column":2}},"2":{"start":{"line":9,"column":2},"end":{"line":14,"column":3}},"3":{"start":{"line":10,"column":4},"end":{"line":10,"column":41}},"4":{"start":{"line":11,"column":4},"end":{"line":11,"column":44}},"5":{"start":{"line":13,"column":4},"end":{"line":13,"column":40}},"6":{"start":{"line":24,"column":0},"end":{"line":31,"column":2}},"7":{"start":{"line":25,"column":2},"end":{"line":30,"column":3}},"8":{"start":{"line":26,"column":18},"end":{"line":26,"column":51}},"9":{"start":{"line":27,"column":4},"end":{"line":27,"column":24}},"10":{"start":{"line":29,"column":4},"end":{"line":29,"column":40}}},"fnMap":{"0":{"name":"(anonymous_0)","decl":{"start":{"line":8,"column":19},"end":{"line":8,"column":20}},"loc":{"start":{"line":8,"column":39},"end":{"line":15,"column":1}},"line":8},"1":{"name":"(anonymous_1)","decl":{"start":{"line":24,"column":16},"end":{"line":24,"column":17}},"loc":{"start":{"line":24,"column":36},"end":{"line":31,"column":1}},"line":24}},"branchMap":{},"s":{"0":1,"1":1,"2":2,"3":2,"4":1,"5":1,"6":1,"7":2,"8":2,"9":1,"10":1},"f":{"0":2,"1":2},"b":{},"_coverageSchema":"1a1c01bbd47fc00a2c39e90264f33305004495a9","hash":"0ee645a1db2baa232bdb3df5cd8545c28788af5f"}
,"G:\\React_Project_VS\\fluidai\\backend\\src\\controllers\\taskController.js": {"path":"G:\\React_Project_VS\\fluidai\\backend\\src\\controllers\\taskController.js","statementMap":{"0":{"start":{"line":1,"column":20},"end":{"line":1,"column":54}},"1":{"start":{"line":33,"column":0},"end":{"line":48,"column":2}},"2":{"start":{"line":34,"column":20},"end":{"line":34,"column":28}},"3":{"start":{"line":35,"column":19},"end":{"line":35,"column":36}},"4":{"start":{"line":36,"column":19},"end":{"line":36,"column":29}},"5":{"start":{"line":37,"column":2},"end":{"line":47,"column":3}},"6":{"start":{"line":38,"column":4},"end":{"line":44,"column":5}},"7":{"start":{"line":39,"column":8},"end":{"line":39,"column":67}},"8":{"start":{"line":42,"column":19},"end":{"line":42,"column":70}},"9":{"start":{"line":43,"column":6},"end":{"line":43,"column":33}},"10":{"start":{"line":46,"column":4},"end":{"line":46,"column":40}},"11":{"start":{"line":57,"column":0},"end":{"line":64,"column":2}},"12":{"start":{"line":58,"column":2},"end":{"line":63,"column":3}},"13":{"start":{"line":59,"column":18},"end":{"line":59,"column":57}},"14":{"start":{"line":60,"column":4},"end":{"line":60,"column":32}},"15":{"start":{"line":62,"column":4},"end":{"line":62,"column":40}},"16":{"start":{"line":72,"column":0},"end":{"line":80,"column":2}},"17":{"start":{"line":73,"column":2},"end":{"line":79,"column":3}},"18":{"start":{"line":74,"column":17},"end":{"line":74,"column":70}},"19":{"start":{"line":75,"column":4},"end":{"line":75,"column":61}},"20":{"start":{"line":75,"column":15},"end":{"line":75,"column":61}},"21":{"start":{"line":76,"column":4},"end":{"line":76,"column":31}},"22":{"start":{"line":78,"column":4},"end":{"line":78,"column":40}},"23":{"start":{"line":112,"column":0},"end":{"line":124,"column":2}},"24":{"start":{"line":113,"column":2},"end":{"line":123,"column":3}},"25":{"start":{"line":114,"column":17},"end":{"line":114,"column":83}},"26":{"start":{"line":115,"column":4},"end":{"line":115,"column":61}},"27":{"start":{"line":115,"column":15},"end":{"line":115,"column":61}},"28":{"start":{"line":116,"column":4},"end":{"line":116,"column":31}},"29":{"start":{"line":118,"column":4},"end":{"line":122,"column":5}},"30":{"start":{"line":119,"column":6},"end":{"line":119,"column":96}},"31":{"start":{"line":121,"column":6},"end":{"line":121,"column":42}},"32":{"start":{"line":131,"column":0},"end":{"line":139,"column":2}},"33":{"start":{"line":132,"column":2},"end":{"line":138,"column":3}},"34":{"start":{"line":133,"column":17},"end":{"line":133,"column":73}},"35":{"start":{"line":134,"column":4},"end":{"line":134,"column":61}},"36":{"start":{"line":134,"column":15},"end":{"line":134,"column":61}},"37":{"start":{"line":135,"column":4},"end":{"line":135,"column":41}},"38":{"start":{"line":137,"column":4},"end":{"line":137,"column":40}}},"fnMap":{"0":{"name":"(anonymous_0)","decl":{"start":{"line":33,"column":21},"end":{"line":33,"column":22}},"loc":{"start":{"line":33,"column":41},"end":{"line":48,"column":1}},"line":33},"1":{"name":"(anonymous_1)","decl":{"start":{"line":57,"column":19},"end":{"line":57,"column":20}},"loc":{"start":{"line":57,"column":39},"end":{"line":64,"column":1}},"line":57},"2":{"name":"(anonymous_2)","decl":{"start":{"line":72,"column":18},"end":{"line":72,"column":19}},"loc":{"start":{"line":72,"column":38},"end":{"line":80,"column":1}},"line":72},"3":{"name":"(anonymous_3)","decl":{"start":{"line":112,"column":21},"end":{"line":112,"column":22}},"loc":{"start":{"line":112,"column":41},"end":{"line":124,"column":1}},"line":112},"4":{"name":"(anonymous_4)","decl":{"start":{"line":131,"column":21},"end":{"line":131,"column":22}},"loc":{"start":{"line":131,"column":41},"end":{"line":139,"column":1}},"line":131}},"branchMap":{"0":{"loc":{"start":{"line":38,"column":4},"end":{"line":44,"column":5}},"type":"if","locations":[{"start":{"line":38,"column":4},"end":{"line":44,"column":5}},{"start":{"line":41,"column":8},"end":{"line":44,"column":5}}],"line":38},"1":{"loc":{"start":{"line":38,"column":7},"end":{"line":38,"column":43}},"type":"binary-expr","locations":[{"start":{"line":38,"column":7},"end":{"line":38,"column":16}},{"start":{"line":38,"column":20},"end":{"line":38,"column":43}}],"line":38},"2":{"loc":{"start":{"line":75,"column":4},"end":{"line":75,"column":61}},"type":"if","locations":[{"start":{"line":75,"column":4},"end":{"line":75,"column":61}},{"start":{},"end":{}}],"line":75},"3":{"loc":{"start":{"line":115,"column":4},"end":{"line":115,"column":61}},"type":"if","locations":[{"start":{"line":115,"column":4},"end":{"line":115,"column":61}},{"start":{},"end":{}}],"line":115},"4":{"loc":{"start":{"line":118,"column":4},"end":{"line":122,"column":5}},"type":"if","locations":[{"start":{"line":118,"column":4},"end":{"line":122,"column":5}},{"start":{"line":120,"column":9},"end":{"line":122,"column":5}}],"line":118},"5":{"loc":{"start":{"line":134,"column":4},"end":{"line":134,"column":61}},"type":"if","locations":[{"start":{"line":134,"column":4},"end":{"line":134,"column":61}},{"start":{},"end":{}}],"line":134}},"s":{"0":1,"1":1,"2":2,"3":2,"4":2,"5":2,"6":2,"7":1,"8":1,"9":1,"10":1,"11":1,"12":2,"13":2,"14":1,"15":1,"16":1,"17":0,"18":0,"19":0,"20":0,"21":0,"22":0,"23":1,"24":0,"25":0,"26":0,"27":0,"28":0,"29":0,"30":0,"31":0,"32":1,"33":0,"34":0,"35":0,"36":0,"37":0,"38":0},"f":{"0":2,"1":2,"2":0,"3":0,"4":0},"b":{"0":[1,1],"1":[2,2],"2":[0,0],"3":[0,0],"4":[0,0],"5":[0,0]},"_coverageSchema":"1a1c01bbd47fc00a2c39e90264f33305004495a9","hash":"8c11b17de9c9124a78e60bc6c5d49ae7af8d0a59"}
,"G:\\React_Project_VS\\fluidai\\backend\\src\\models\\Task.js": {"path":"G:\\React_Project_VS\\fluidai\\backend\\src\\models\\Task.js","statementMap":{"0":{"start":{"line":1,"column":17},"end":{"line":1,"column":36}},"1":{"start":{"line":3,"column":20},"end":{"line":21,"column":2}},"2":{"start":{"line":9,"column":17},"end":{"line":9,"column":27}},"3":{"start":{"line":10,"column":6},"end":{"line":10,"column":39}},"4":{"start":{"line":11,"column":6},"end":{"line":11,"column":18}},"5":{"start":{"line":24,"column":0},"end":{"line":24,"column":54}}},"fnMap":{"0":{"name":"(anonymous_0)","decl":{"start":{"line":8,"column":13},"end":{"line":8,"column":14}},"loc":{"start":{"line":8,"column":19},"end":{"line":12,"column":5}},"line":8}},"branchMap":{},"s":{"0":1,"1":1,"2":0,"3":0,"4":0,"5":1},"f":{"0":0},"b":{},"_coverageSchema":"1a1c01bbd47fc00a2c39e90264f33305004495a9","hash":"b1eefe7c3fbc74986d288e80f1da16df21e0a0bd"}
,"G:\\React_Project_VS\\fluidai\\backend\\src\\models\\User.js": {"path":"G:\\React_Project_VS\\fluidai\\backend\\src\\models\\User.js","statementMap":{"0":{"start":{"line":1,"column":17},"end":{"line":1,"column":36}},"1":{"start":{"line":3,"column":19},"end":{"line":6,"column":2}},"2":{"start":{"line":8,"column":0},"end":{"line":8,"column":52}}},"fnMap":{},"branchMap":{},"s":{"0":1,"1":1,"2":1},"f":{},"b":{},"_coverageSchema":"1a1c01bbd47fc00a2c39e90264f33305004495a9","hash":"3050d5ead9dcc10e1b9c18c58f487ad3a21961e4"}
,"G:\\React_Project_VS\\fluidai\\backend\\src\\services\\authService.js": {"path":"G:\\React_Project_VS\\fluidai\\backend\\src\\services\\authService.js","statementMap":{"0":{"start":{"line":1,"column":15},"end":{"line":1,"column":34}},"1":{"start":{"line":2,"column":12},"end":{"line":2,"column":35}},"2":{"start":{"line":3,"column":13},"end":{"line":3,"column":38}},"3":{"start":{"line":4,"column":15},"end":{"line":4,"column":42}},"4":{"start":{"line":12,"column":0},"end":{"line":21,"column":2}},"5":{"start":{"line":13,"column":24},"end":{"line":13,"column":56}},"6":{"start":{"line":14,"column":2},"end":{"line":20,"column":3}},"7":{"start":{"line":15,"column":27},"end":{"line":15,"column":58}},"8":{"start":{"line":16,"column":17},"end":{"line":16,"column":65}},"9":{"start":{"line":17,"column":4},"end":{"line":17,"column":22}},"10":{"start":{"line":19,"column":4},"end":{"line":19,"column":58}},"11":{"start":{"line":28,"column":0},"end":{"line":34,"column":2}},"12":{"start":{"line":29,"column":15},"end":{"line":29,"column":47}},"13":{"start":{"line":30,"column":2},"end":{"line":30,"column":52}},"14":{"start":{"line":30,"column":13},"end":{"line":30,"column":52}},"15":{"start":{"line":31,"column":18},"end":{"line":31,"column":63}},"16":{"start":{"line":32,"column":2},"end":{"line":32,"column":55}},"17":{"start":{"line":32,"column":16},"end":{"line":32,"column":55}},"18":{"start":{"line":33,"column":2},"end":{"line":33,"column":76}}},"fnMap":{"0":{"name":"(anonymous_0)","decl":{"start":{"line":12,"column":19},"end":{"line":12,"column":20}},"loc":{"start":{"line":12,"column":53},"end":{"line":21,"column":1}},"line":12},"1":{"name":"(anonymous_1)","decl":{"start":{"line":28,"column":16},"end":{"line":28,"column":17}},"loc":{"start":{"line":28,"column":50},"end":{"line":34,"column":1}},"line":28}},"branchMap":{"0":{"loc":{"start":{"line":14,"column":2},"end":{"line":20,"column":3}},"type":"if","locations":[{"start":{"line":14,"column":2},"end":{"line":20,"column":3}},{"start":{"line":18,"column":7},"end":{"line":20,"column":3}}],"line":14},"1":{"loc":{"start":{"line":30,"column":2},"end":{"line":30,"column":52}},"type":"if","locations":[{"start":{"line":30,"column":2},"end":{"line":30,"column":52}},{"start":{},"end":{}}],"line":30},"2":{"loc":{"start":{"line":32,"column":2},"end":{"line":32,"column":55}},"type":"if","locations":[{"start":{"line":32,"column":2},"end":{"line":32,"column":55}},{"start":{},"end":{}}],"line":32}},"s":{"0":1,"1":1,"2":1,"3":1,"4":1,"5":0,"6":0,"7":0,"8":0,"9":0,"10":0,"11":1,"12":0,"13":0,"14":0,"15":0,"16":0,"17":0,"18":0},"f":{"0":0,"1":0},"b":{"0":[0,0],"1":[0,0],"2":[0,0]},"_coverageSchema":"1a1c01bbd47fc00a2c39e90264f33305004495a9","hash":"6b3e6d7cd7ba2a154166ca0726351ab4143f957a"}
,"G:\\React_Project_VS\\fluidai\\backend\\src\\services\\taskService.js": {"path":"G:\\React_Project_VS\\fluidai\\backend\\src\\services\\taskService.js","statementMap":{"0":{"start":{"line":1,"column":13},"end":{"line":1,"column":38}},"1":{"start":{"line":7,"column":0},"end":{"line":16,"column":2}},"2":{"start":{"line":8,"column":19},"end":{"line":8,"column":62}},"3":{"start":{"line":9,"column":2},"end":{"line":15,"column":3}},"4":{"start":{"line":10,"column":17},"end":{"line":10,"column":56}},"5":{"start":{"line":11,"column":4},"end":{"line":11,"column":22}},"6":{"start":{"line":12,"column":4},"end":{"line":12,"column":16}},"7":{"start":{"line":14,"column":4},"end":{"line":14,"column":46}},"8":{"start":{"line":19,"column":0},"end":{"line":21,"column":2}},"9":{"start":{"line":20,"column":2},"end":{"line":20,"column":43}},"10":{"start":{"line":23,"column":0},"end":{"line":25,"column":2}},"11":{"start":{"line":24,"column":2},"end":{"line":24,"column":59}},"12":{"start":{"line":31,"column":0},"end":{"line":33,"column":2}},"13":{"start":{"line":32,"column":2},"end":{"line":32,"column":93}},"14":{"start":{"line":35,"column":0},"end":{"line":37,"column":2}},"15":{"start":{"line":36,"column":2},"end":{"line":36,"column":68}}},"fnMap":{"0":{"name":"(anonymous_0)","decl":{"start":{"line":7,"column":21},"end":{"line":7,"column":22}},"loc":{"start":{"line":7,"column":49},"end":{"line":16,"column":1}},"line":7},"1":{"name":"(anonymous_1)","decl":{"start":{"line":19,"column":19},"end":{"line":19,"column":20}},"loc":{"start":{"line":19,"column":37},"end":{"line":21,"column":1}},"line":19},"2":{"name":"(anonymous_2)","decl":{"start":{"line":23,"column":18},"end":{"line":23,"column":19}},"loc":{"start":{"line":23,"column":44},"end":{"line":25,"column":1}},"line":23},"3":{"name":"(anonymous_3)","decl":{"start":{"line":31,"column":21},"end":{"line":31,"column":22}},"loc":{"start":{"line":31,"column":57},"end":{"line":33,"column":1}},"line":31},"4":{"name":"(anonymous_4)","decl":{"start":{"line":35,"column":21},"end":{"line":35,"column":22}},"loc":{"start":{"line":35,"column":47},"end":{"line":37,"column":1}},"line":35}},"branchMap":{"0":{"loc":{"start":{"line":9,"column":2},"end":{"line":15,"column":3}},"type":"if","locations":[{"start":{"line":9,"column":2},"end":{"line":15,"column":3}},{"start":{"line":13,"column":7},"end":{"line":15,"column":3}}],"line":9}},"s":{"0":1,"1":1,"2":0,"3":0,"4":0,"5":0,"6":0,"7":0,"8":1,"9":0,"10":1,"11":0,"12":1,"13":0,"14":1,"15":0},"f":{"0":0,"1":0,"2":0,"3":0,"4":0},"b":{"0":[0,0]},"_coverageSchema":"1a1c01bbd47fc00a2c39e90264f33305004495a9","hash":"6de725c5d6ad8b88e090accc3f17bdebe52225ef"}
}
